[28-Jan-2026 03:23:23 UTC] PHP Deprecated:  Creation of dynamic property AwesomeMotive\WPContentImporter2\WPImporterLogger::$messages is deprecated in E:\super\app\public\wp-content\plugins\templatemela-core\admin\setup\vendor\awesomemotive\wp-content-importer-v2\src\WPImporterLogger.php on line 130
[28-Jan-2026 03:23:25 UTC] PHP Deprecated:  preg_replace(): Passing null to parameter #3 ($subject) of type array|string is deprecated in E:\super\app\public\wp-includes\kses.php on line 2018
[28-Jan-2026 03:23:25 UTC] PHP Deprecated:  Creation of dynamic property AwesomeMotive\WPContentImporter2\WPImporterLogger::$messages is deprecated in E:\super\app\public\wp-content\plugins\templatemela-core\admin\setup\vendor\awesomemotive\wp-content-importer-v2\src\WPImporterLogger.php on line 130
[28-Jan-2026 03:23:31 UTC] PHP Deprecated:  Automatic conversion of false to array is deprecated in E:\super\app\public\wp-content\plugins\templatemela-core\admin\setup\class-setup.php on line 1460
[28-Jan-2026 03:23:31 UTC] PHP Deprecated:  Creation of dynamic property AwesomeMotive\WPContentImporter2\WPImporterLogger::$messages is deprecated in E:\super\app\public\wp-content\plugins\templatemela-core\admin\setup\vendor\awesomemotive\wp-content-importer-v2\src\WPImporterLogger.php on line 130
[28-Jan-2026 03:23:37 UTC] PHP Deprecated:  preg_replace(): Passing null to parameter #3 ($subject) of type array|string is deprecated in E:\super\app\public\wp-includes\kses.php on line 2018
[28-Jan-2026 03:23:37 UTC] PHP Deprecated:  Creation of dynamic property AwesomeMotive\WPContentImporter2\WPImporterLogger::$messages is deprecated in E:\super\app\public\wp-content\plugins\templatemela-core\admin\setup\vendor\awesomemotive\wp-content-importer-v2\src\WPImporterLogger.php on line 130
[28-Jan-2026 03:23:40 UTC] PHP Deprecated:  preg_replace(): Passing null to parameter #3 ($subject) of type array|string is deprecated in E:\super\app\public\wp-includes\kses.php on line 2018
[28-Jan-2026 03:23:40 UTC] PHP Deprecated:  Creation of dynamic property AwesomeMotive\WPContentImporter2\WPImporterLogger::$messages is deprecated in E:\super\app\public\wp-content\plugins\templatemela-core\admin\setup\vendor\awesomemotive\wp-content-importer-v2\src\WPImporterLogger.php on line 130
[28-Jan-2026 03:23:50 UTC] PHP Deprecated:  Creation of dynamic property AwesomeMotive\WPContentImporter2\WPImporterLogger::$messages is deprecated in E:\super\app\public\wp-content\plugins\templatemela-core\admin\setup\vendor\awesomemotive\wp-content-importer-v2\src\WPImporterLogger.php on line 130
[28-Jan-2026 03:24:26 UTC] PHP Deprecated:  Creation of dynamic property AwesomeMotive\WPContentImporter2\WPImporterLogger::$messages is deprecated in E:\super\app\public\wp-content\plugins\templatemela-core\admin\setup\vendor\awesomemotive\wp-content-importer-v2\src\WPImporterLogger.php on line 130
[28-Jan-2026 03:24:26 UTC] PHP Deprecated:  Creation of dynamic property AwesomeMotive\WPContentImporter2\WPImporterLogger::$messages is deprecated in E:\super\app\public\wp-content\plugins\templatemela-core\admin\setup\vendor\awesomemotive\wp-content-importer-v2\src\WPImporterLogger.php on line 130
[28-Jan-2026 03:24:40 UTC] PHP Deprecated:  Creation of dynamic property AwesomeMotive\WPContentImporter2\WPImporterLogger::$messages is deprecated in E:\super\app\public\wp-content\plugins\templatemela-core\admin\setup\vendor\awesomemotive\wp-content-importer-v2\src\WPImporterLogger.php on line 130
[28-Jan-2026 03:24:40 UTC] PHP Deprecated:  Creation of dynamic property AwesomeMotive\WPContentImporter2\WPImporterLogger::$messages is deprecated in E:\super\app\public\wp-content\plugins\templatemela-core\admin\setup\vendor\awesomemotive\wp-content-importer-v2\src\WPImporterLogger.php on line 130
[28-Jan-2026 03:24:49 UTC] PHP Deprecated:  Creation of dynamic property AwesomeMotive\WPContentImporter2\WPImporterLogger::$messages is deprecated in E:\super\app\public\wp-content\plugins\templatemela-core\admin\setup\vendor\awesomemotive\wp-content-importer-v2\src\WPImporterLogger.php on line 130
[28-Jan-2026 03:24:49 UTC] PHP Deprecated:  Creation of dynamic property AwesomeMotive\WPContentImporter2\WPImporterLogger::$messages is deprecated in E:\super\app\public\wp-content\plugins\templatemela-core\admin\setup\vendor\awesomemotive\wp-content-importer-v2\src\WPImporterLogger.php on line 130
[28-Jan-2026 03:24:58 UTC] PHP Deprecated:  Creation of dynamic property AwesomeMotive\WPContentImporter2\WPImporterLogger::$messages is deprecated in E:\super\app\public\wp-content\plugins\templatemela-core\admin\setup\vendor\awesomemotive\wp-content-importer-v2\src\WPImporterLogger.php on line 130
[28-Jan-2026 03:24:58 UTC] PHP Deprecated:  Creation of dynamic property AwesomeMotive\WPContentImporter2\WPImporterLogger::$messages is deprecated in E:\super\app\public\wp-content\plugins\templatemela-core\admin\setup\vendor\awesomemotive\wp-content-importer-v2\src\WPImporterLogger.php on line 130
[28-Jan-2026 03:25:09 UTC] PHP Deprecated:  Creation of dynamic property AwesomeMotive\WPContentImporter2\WPImporterLogger::$messages is deprecated in E:\super\app\public\wp-content\plugins\templatemela-core\admin\setup\vendor\awesomemotive\wp-content-importer-v2\src\WPImporterLogger.php on line 130
[28-Jan-2026 03:25:12 UTC] PHP Deprecated:  Creation of dynamic property AwesomeMotive\WPContentImporter2\WPImporterLogger::$messages is deprecated in E:\super\app\public\wp-content\plugins\templatemela-core\admin\setup\vendor\awesomemotive\wp-content-importer-v2\src\WPImporterLogger.php on line 130
[28-Jan-2026 03:25:12 UTC] PHP Deprecated:  Creation of dynamic property AwesomeMotive\WPContentImporter2\WPImporterLogger::$messages is deprecated in E:\super\app\public\wp-content\plugins\templatemela-core\admin\setup\vendor\awesomemotive\wp-content-importer-v2\src\WPImporterLogger.php on line 130
[28-Jan-2026 03:25:20 UTC] PHP Deprecated:  Creation of dynamic property AwesomeMotive\WPContentImporter2\WPImporterLogger::$messages is deprecated in E:\super\app\public\wp-content\plugins\templatemela-core\admin\setup\vendor\awesomemotive\wp-content-importer-v2\src\WPImporterLogger.php on line 130
[28-Jan-2026 03:25:22 UTC] PHP Deprecated:  Creation of dynamic property AwesomeMotive\WPContentImporter2\WPImporterLogger::$messages is deprecated in E:\super\app\public\wp-content\plugins\templatemela-core\admin\setup\vendor\awesomemotive\wp-content-importer-v2\src\WPImporterLogger.php on line 130
[28-Jan-2026 03:25:22 UTC] PHP Deprecated:  Creation of dynamic property AwesomeMotive\WPContentImporter2\WPImporterLogger::$messages is deprecated in E:\super\app\public\wp-content\plugins\templatemela-core\admin\setup\vendor\awesomemotive\wp-content-importer-v2\src\WPImporterLogger.php on line 130
[28-Jan-2026 03:25:31 UTC] PHP Deprecated:  Creation of dynamic property AwesomeMotive\WPContentImporter2\WPImporterLogger::$messages is deprecated in E:\super\app\public\wp-content\plugins\templatemela-core\admin\setup\vendor\awesomemotive\wp-content-importer-v2\src\WPImporterLogger.php on line 130
[28-Jan-2026 03:25:33 UTC] PHP Deprecated:  Creation of dynamic property AwesomeMotive\WPContentImporter2\WPImporterLogger::$messages is deprecated in E:\super\app\public\wp-content\plugins\templatemela-core\admin\setup\vendor\awesomemotive\wp-content-importer-v2\src\WPImporterLogger.php on line 130
[28-Jan-2026 03:25:37 UTC] PHP Deprecated:  preg_replace(): Passing null to parameter #3 ($subject) of type array|string is deprecated in E:\super\app\public\wp-includes\kses.php on line 2018
[28-Jan-2026 03:25:37 UTC] PHP Deprecated:  Creation of dynamic property AwesomeMotive\WPContentImporter2\WPImporterLogger::$messages is deprecated in E:\super\app\public\wp-content\plugins\templatemela-core\admin\setup\vendor\awesomemotive\wp-content-importer-v2\src\WPImporterLogger.php on line 130
[28-Jan-2026 03:25:42 UTC] PHP Deprecated:  Creation of dynamic property AwesomeMotive\WPContentImporter2\WPImporterLogger::$messages is deprecated in E:\super\app\public\wp-content\plugins\templatemela-core\admin\setup\vendor\awesomemotive\wp-content-importer-v2\src\WPImporterLogger.php on line 130
[28-Jan-2026 03:25:52 UTC] PHP Deprecated:  Creation of dynamic property AwesomeMotive\WPContentImporter2\WPImporterLogger::$messages is deprecated in E:\super\app\public\wp-content\plugins\templatemela-core\admin\setup\vendor\awesomemotive\wp-content-importer-v2\src\WPImporterLogger.php on line 130
[28-Jan-2026 03:25:52 UTC] PHP Deprecated:  Creation of dynamic property AwesomeMotive\WPContentImporter2\WPImporterLogger::$messages is deprecated in E:\super\app\public\wp-content\plugins\templatemela-core\admin\setup\vendor\awesomemotive\wp-content-importer-v2\src\WPImporterLogger.php on line 130
[28-Jan-2026 03:25:54 UTC] PHP Deprecated:  Creation of dynamic property AwesomeMotive\WPContentImporter2\WPImporterLogger::$messages is deprecated in E:\super\app\public\wp-content\plugins\templatemela-core\admin\setup\vendor\awesomemotive\wp-content-importer-v2\src\WPImporterLogger.php on line 130
[28-Jan-2026 03:25:55 UTC] PHP Deprecated:  Creation of dynamic property AwesomeMotive\WPContentImporter2\WPImporterLogger::$messages is deprecated in E:\super\app\public\wp-content\plugins\templatemela-core\admin\setup\vendor\awesomemotive\wp-content-importer-v2\src\WPImporterLogger.php on line 130
[28-Jan-2026 03:25:56 UTC] PHP Deprecated:  Creation of dynamic property AwesomeMotive\WPContentImporter2\WPImporterLogger::$messages is deprecated in E:\super\app\public\wp-content\plugins\templatemela-core\admin\setup\vendor\awesomemotive\wp-content-importer-v2\src\WPImporterLogger.php on line 130
[28-Jan-2026 03:25:56 UTC] PHP Deprecated:  Creation of dynamic property AwesomeMotive\WPContentImporter2\WPImporterLogger::$messages is deprecated in E:\super\app\public\wp-content\plugins\templatemela-core\admin\setup\vendor\awesomemotive\wp-content-importer-v2\src\WPImporterLogger.php on line 130
[28-Jan-2026 03:25:57 UTC] PHP Deprecated:  Creation of dynamic property AwesomeMotive\WPContentImporter2\WPImporterLogger::$messages is deprecated in E:\super\app\public\wp-content\plugins\templatemela-core\admin\setup\vendor\awesomemotive\wp-content-importer-v2\src\WPImporterLogger.php on line 130
[28-Jan-2026 03:26:00 UTC] PHP Deprecated:  preg_replace(): Passing null to parameter #3 ($subject) of type array|string is deprecated in E:\super\app\public\wp-includes\kses.php on line 2018
[28-Jan-2026 03:26:00 UTC] PHP Deprecated:  Creation of dynamic property AwesomeMotive\WPContentImporter2\WPImporterLogger::$messages is deprecated in E:\super\app\public\wp-content\plugins\templatemela-core\admin\setup\vendor\awesomemotive\wp-content-importer-v2\src\WPImporterLogger.php on line 130
[28-Jan-2026 03:26:05 UTC] PHP Deprecated:  Creation of dynamic property AwesomeMotive\WPContentImporter2\WPImporterLogger::$messages is deprecated in E:\super\app\public\wp-content\plugins\templatemela-core\admin\setup\vendor\awesomemotive\wp-content-importer-v2\src\WPImporterLogger.php on line 130
[28-Jan-2026 03:27:47 UTC] PHP Deprecated:  Creation of dynamic property AwesomeMotive\WPContentImporter2\WPImporterLogger::$messages is deprecated in E:\super\app\public\wp-content\plugins\templatemela-core\admin\setup\vendor\awesomemotive\wp-content-importer-v2\src\WPImporterLogger.php on line 130
[28-Jan-2026 03:27:48 UTC] PHP Deprecated:  Creation of dynamic property AwesomeMotive\WPContentImporter2\WPImporterLogger::$messages is deprecated in E:\super\app\public\wp-content\plugins\templatemela-core\admin\setup\vendor\awesomemotive\wp-content-importer-v2\src\WPImporterLogger.php on line 130
[28-Jan-2026 03:27:55 UTC] PHP Deprecated:  Creation of dynamic property AwesomeMotive\WPContentImporter2\WPImporterLogger::$messages is deprecated in E:\super\app\public\wp-content\plugins\templatemela-core\admin\setup\vendor\awesomemotive\wp-content-importer-v2\src\WPImporterLogger.php on line 130
[28-Jan-2026 03:27:55 UTC] PHP Deprecated:  Creation of dynamic property AwesomeMotive\WPContentImporter2\WPImporterLogger::$messages is deprecated in E:\super\app\public\wp-content\plugins\templatemela-core\admin\setup\vendor\awesomemotive\wp-content-importer-v2\src\WPImporterLogger.php on line 130
[28-Jan-2026 03:28:00 UTC] PHP Deprecated:  Creation of dynamic property AwesomeMotive\WPContentImporter2\WPImporterLogger::$messages is deprecated in E:\super\app\public\wp-content\plugins\templatemela-core\admin\setup\vendor\awesomemotive\wp-content-importer-v2\src\WPImporterLogger.php on line 130
[28-Jan-2026 03:28:00 UTC] PHP Deprecated:  Creation of dynamic property AwesomeMotive\WPContentImporter2\WPImporterLogger::$messages is deprecated in E:\super\app\public\wp-content\plugins\templatemela-core\admin\setup\vendor\awesomemotive\wp-content-importer-v2\src\WPImporterLogger.php on line 130
[28-Jan-2026 03:28:06 UTC] PHP Deprecated:  Creation of dynamic property AwesomeMotive\WPContentImporter2\WPImporterLogger::$messages is deprecated in E:\super\app\public\wp-content\plugins\templatemela-core\admin\setup\vendor\awesomemotive\wp-content-importer-v2\src\WPImporterLogger.php on line 130
[28-Jan-2026 03:28:10 UTC] PHP Deprecated:  Creation of dynamic property AwesomeMotive\WPContentImporter2\WPImporterLogger::$messages is deprecated in E:\super\app\public\wp-content\plugins\templatemela-core\admin\setup\vendor\awesomemotive\wp-content-importer-v2\src\WPImporterLogger.php on line 130
[28-Jan-2026 03:28:25 UTC] PHP Deprecated:  Creation of dynamic property AwesomeMotive\WPContentImporter2\WPImporterLogger::$messages is deprecated in E:\super\app\public\wp-content\plugins\templatemela-core\admin\setup\vendor\awesomemotive\wp-content-importer-v2\src\WPImporterLogger.php on line 130
[28-Jan-2026 03:28:48 UTC] PHP Deprecated:  Creation of dynamic property AwesomeMotive\WPContentImporter2\WPImporterLogger::$messages is deprecated in E:\super\app\public\wp-content\plugins\templatemela-core\admin\setup\vendor\awesomemotive\wp-content-importer-v2\src\WPImporterLogger.php on line 130
[28-Jan-2026 03:29:10 UTC] PHP Deprecated:  Creation of dynamic property AwesomeMotive\WPContentImporter2\WPImporterLogger::$messages is deprecated in E:\super\app\public\wp-content\plugins\templatemela-core\admin\setup\vendor\awesomemotive\wp-content-importer-v2\src\WPImporterLogger.php on line 130
[28-Jan-2026 03:29:34 UTC] PHP Deprecated:  Creation of dynamic property AwesomeMotive\WPContentImporter2\WPImporterLogger::$messages is deprecated in E:\super\app\public\wp-content\plugins\templatemela-core\admin\setup\vendor\awesomemotive\wp-content-importer-v2\src\WPImporterLogger.php on line 130
[28-Jan-2026 03:29:57 UTC] PHP Deprecated:  Creation of dynamic property AwesomeMotive\WPContentImporter2\WPImporterLogger::$messages is deprecated in E:\super\app\public\wp-content\plugins\templatemela-core\admin\setup\vendor\awesomemotive\wp-content-importer-v2\src\WPImporterLogger.php on line 130
[28-Jan-2026 03:30:18 UTC] PHP Deprecated:  Creation of dynamic property AwesomeMotive\WPContentImporter2\WPImporterLogger::$messages is deprecated in E:\super\app\public\wp-content\plugins\templatemela-core\admin\setup\vendor\awesomemotive\wp-content-importer-v2\src\WPImporterLogger.php on line 130
[28-Jan-2026 03:30:40 UTC] PHP Deprecated:  Creation of dynamic property AwesomeMotive\WPContentImporter2\WPImporterLogger::$messages is deprecated in E:\super\app\public\wp-content\plugins\templatemela-core\admin\setup\vendor\awesomemotive\wp-content-importer-v2\src\WPImporterLogger.php on line 130
[28-Jan-2026 03:31:02 UTC] PHP Deprecated:  Creation of dynamic property AwesomeMotive\WPContentImporter2\WPImporterLogger::$messages is deprecated in E:\super\app\public\wp-content\plugins\templatemela-core\admin\setup\vendor\awesomemotive\wp-content-importer-v2\src\WPImporterLogger.php on line 130
[28-Jan-2026 03:31:24 UTC] PHP Deprecated:  Creation of dynamic property AwesomeMotive\WPContentImporter2\WPImporterLogger::$messages is deprecated in E:\super\app\public\wp-content\plugins\templatemela-core\admin\setup\vendor\awesomemotive\wp-content-importer-v2\src\WPImporterLogger.php on line 130
[28-Jan-2026 03:31:47 UTC] PHP Deprecated:  Creation of dynamic property AwesomeMotive\WPContentImporter2\WPImporterLogger::$messages is deprecated in E:\super\app\public\wp-content\plugins\templatemela-core\admin\setup\vendor\awesomemotive\wp-content-importer-v2\src\WPImporterLogger.php on line 130
[28-Jan-2026 03:32:08 UTC] PHP Deprecated:  Creation of dynamic property AwesomeMotive\WPContentImporter2\WPImporterLogger::$messages is deprecated in E:\super\app\public\wp-content\plugins\templatemela-core\admin\setup\vendor\awesomemotive\wp-content-importer-v2\src\WPImporterLogger.php on line 130
[28-Jan-2026 03:32:30 UTC] PHP Deprecated:  Creation of dynamic property AwesomeMotive\WPContentImporter2\WPImporterLogger::$messages is deprecated in E:\super\app\public\wp-content\plugins\templatemela-core\admin\setup\vendor\awesomemotive\wp-content-importer-v2\src\WPImporterLogger.php on line 130
[28-Jan-2026 03:32:52 UTC] PHP Deprecated:  Creation of dynamic property AwesomeMotive\WPContentImporter2\WPImporterLogger::$messages is deprecated in E:\super\app\public\wp-content\plugins\templatemela-core\admin\setup\vendor\awesomemotive\wp-content-importer-v2\src\WPImporterLogger.php on line 130
[28-Jan-2026 03:33:15 UTC] PHP Deprecated:  Creation of dynamic property AwesomeMotive\WPContentImporter2\WPImporterLogger::$messages is deprecated in E:\super\app\public\wp-content\plugins\templatemela-core\admin\setup\vendor\awesomemotive\wp-content-importer-v2\src\WPImporterLogger.php on line 130
[28-Jan-2026 03:33:36 UTC] PHP Deprecated:  Creation of dynamic property AwesomeMotive\WPContentImporter2\WPImporterLogger::$messages is deprecated in E:\super\app\public\wp-content\plugins\templatemela-core\admin\setup\vendor\awesomemotive\wp-content-importer-v2\src\WPImporterLogger.php on line 130
[28-Jan-2026 03:33:56 UTC] PHP Deprecated:  Creation of dynamic property AwesomeMotive\WPContentImporter2\WPImporterLogger::$messages is deprecated in E:\super\app\public\wp-content\plugins\templatemela-core\admin\setup\vendor\awesomemotive\wp-content-importer-v2\src\WPImporterLogger.php on line 130
[28-Jan-2026 03:34:21 UTC] PHP Deprecated:  Creation of dynamic property AwesomeMotive\WPContentImporter2\WPImporterLogger::$messages is deprecated in E:\super\app\public\wp-content\plugins\templatemela-core\admin\setup\vendor\awesomemotive\wp-content-importer-v2\src\WPImporterLogger.php on line 130
[28-Jan-2026 03:34:43 UTC] PHP Deprecated:  Creation of dynamic property AwesomeMotive\WPContentImporter2\WPImporterLogger::$messages is deprecated in E:\super\app\public\wp-content\plugins\templatemela-core\admin\setup\vendor\awesomemotive\wp-content-importer-v2\src\WPImporterLogger.php on line 130
[28-Jan-2026 03:35:06 UTC] PHP Deprecated:  Creation of dynamic property AwesomeMotive\WPContentImporter2\WPImporterLogger::$messages is deprecated in E:\super\app\public\wp-content\plugins\templatemela-core\admin\setup\vendor\awesomemotive\wp-content-importer-v2\src\WPImporterLogger.php on line 130
[28-Jan-2026 03:35:31 UTC] PHP Deprecated:  Creation of dynamic property AwesomeMotive\WPContentImporter2\WPImporterLogger::$messages is deprecated in E:\super\app\public\wp-content\plugins\templatemela-core\admin\setup\vendor\awesomemotive\wp-content-importer-v2\src\WPImporterLogger.php on line 130
[28-Jan-2026 03:35:53 UTC] PHP Deprecated:  Creation of dynamic property AwesomeMotive\WPContentImporter2\WPImporterLogger::$messages is deprecated in E:\super\app\public\wp-content\plugins\templatemela-core\admin\setup\vendor\awesomemotive\wp-content-importer-v2\src\WPImporterLogger.php on line 130
[28-Jan-2026 03:36:16 UTC] PHP Deprecated:  Creation of dynamic property AwesomeMotive\WPContentImporter2\WPImporterLogger::$messages is deprecated in E:\super\app\public\wp-content\plugins\templatemela-core\admin\setup\vendor\awesomemotive\wp-content-importer-v2\src\WPImporterLogger.php on line 130
[28-Jan-2026 03:36:39 UTC] PHP Deprecated:  Creation of dynamic property AwesomeMotive\WPContentImporter2\WPImporterLogger::$messages is deprecated in E:\super\app\public\wp-content\plugins\templatemela-core\admin\setup\vendor\awesomemotive\wp-content-importer-v2\src\WPImporterLogger.php on line 130
[28-Jan-2026 03:37:02 UTC] PHP Deprecated:  Creation of dynamic property AwesomeMotive\WPContentImporter2\WPImporterLogger::$messages is deprecated in E:\super\app\public\wp-content\plugins\templatemela-core\admin\setup\vendor\awesomemotive\wp-content-importer-v2\src\WPImporterLogger.php on line 130
[28-Jan-2026 03:37:25 UTC] PHP Deprecated:  Creation of dynamic property AwesomeMotive\WPContentImporter2\WPImporterLogger::$messages is deprecated in E:\super\app\public\wp-content\plugins\templatemela-core\admin\setup\vendor\awesomemotive\wp-content-importer-v2\src\WPImporterLogger.php on line 130
[28-Jan-2026 03:37:45 UTC] PHP Deprecated:  Creation of dynamic property AwesomeMotive\WPContentImporter2\WPImporterLogger::$messages is deprecated in E:\super\app\public\wp-content\plugins\templatemela-core\admin\setup\vendor\awesomemotive\wp-content-importer-v2\src\WPImporterLogger.php on line 130
[28-Jan-2026 03:38:06 UTC] PHP Deprecated:  Creation of dynamic property AwesomeMotive\WPContentImporter2\WPImporterLogger::$messages is deprecated in E:\super\app\public\wp-content\plugins\templatemela-core\admin\setup\vendor\awesomemotive\wp-content-importer-v2\src\WPImporterLogger.php on line 130
[28-Jan-2026 03:38:30 UTC] PHP Deprecated:  Creation of dynamic property AwesomeMotive\WPContentImporter2\WPImporterLogger::$messages is deprecated in E:\super\app\public\wp-content\plugins\templatemela-core\admin\setup\vendor\awesomemotive\wp-content-importer-v2\src\WPImporterLogger.php on line 130
[28-Jan-2026 03:38:51 UTC] PHP Deprecated:  Creation of dynamic property AwesomeMotive\WPContentImporter2\WPImporterLogger::$messages is deprecated in E:\super\app\public\wp-content\plugins\templatemela-core\admin\setup\vendor\awesomemotive\wp-content-importer-v2\src\WPImporterLogger.php on line 130
[28-Jan-2026 03:39:13 UTC] PHP Deprecated:  Creation of dynamic property AwesomeMotive\WPContentImporter2\WPImporterLogger::$messages is deprecated in E:\super\app\public\wp-content\plugins\templatemela-core\admin\setup\vendor\awesomemotive\wp-content-importer-v2\src\WPImporterLogger.php on line 130
[28-Jan-2026 03:39:39 UTC] PHP Deprecated:  Creation of dynamic property AwesomeMotive\WPContentImporter2\WPImporterLogger::$messages is deprecated in E:\super\app\public\wp-content\plugins\templatemela-core\admin\setup\vendor\awesomemotive\wp-content-importer-v2\src\WPImporterLogger.php on line 130
[28-Jan-2026 03:39:40 UTC] PHP Deprecated:  Creation of dynamic property AwesomeMotive\WPContentImporter2\WPImporterLogger::$messages is deprecated in E:\super\app\public\wp-content\plugins\templatemela-core\admin\setup\vendor\awesomemotive\wp-content-importer-v2\src\WPImporterLogger.php on line 130
[28-Jan-2026 03:39:40 UTC] PHP Deprecated:  Creation of dynamic property AwesomeMotive\WPContentImporter2\WPImporterLogger::$messages is deprecated in E:\super\app\public\wp-content\plugins\templatemela-core\admin\setup\vendor\awesomemotive\wp-content-importer-v2\src\WPImporterLogger.php on line 130
[28-Jan-2026 03:39:41 UTC] PHP Deprecated:  Creation of dynamic property AwesomeMotive\WPContentImporter2\WPImporterLogger::$messages is deprecated in E:\super\app\public\wp-content\plugins\templatemela-core\admin\setup\vendor\awesomemotive\wp-content-importer-v2\src\WPImporterLogger.php on line 130
[28-Jan-2026 03:39:41 UTC] PHP Warning:  Attempt to read property "term_id" on bool in E:\super\app\public\wp-content\plugins\templatemela-plugin-cosmika\admin\import-content.php on line 121
[28-Jan-2026 03:39:46 UTC] PHP Deprecated:  Creation of dynamic property AwesomeMotive\WPContentImporter2\WPImporterLogger::$messages is deprecated in E:\super\app\public\wp-content\plugins\templatemela-core\admin\setup\vendor\awesomemotive\wp-content-importer-v2\src\WPImporterLogger.php on line 130
[28-Jan-2026 03:39:58 UTC] PHP Deprecated:  Creation of dynamic property AwesomeMotive\WPContentImporter2\WPImporterLogger::$messages is deprecated in E:\super\app\public\wp-content\plugins\templatemela-core\admin\setup\vendor\awesomemotive\wp-content-importer-v2\src\WPImporterLogger.php on line 130
[28-Jan-2026 03:43:54 UTC] PHP Deprecated:  strip_tags(): Passing null to parameter #1 ($string) of type string is deprecated in E:\super\app\public\wp-admin\admin-header.php on line 41
[28-Jan-2026 05:48:17 UTC] Cron reschedule event error for hook: action_scheduler_run_queue, Error code: could_not_set, Error message: The cron event list could not be saved., Data: {"schedule":"every_minute","args":["WP Cron"],"interval":60}
[28-Jan-2026 09:07:35 UTC] Cron reschedule event error for hook: action_scheduler_run_queue, Error code: could_not_set, Error message: The cron event list could not be saved., Data: {"schedule":"every_minute","args":["WP Cron"],"interval":60}
[28-Jan-2026 09:50:44 UTC] The Automattic\WooCommerce\Admin\API\Options::update_options function is deprecated since version 6.3.
[28-Jan-2026 09:50:44 UTC] The Automattic\WooCommerce\Admin\API\Options::update_options function is deprecated since version 6.3.
[28-Jan-2026 09:50:44 UTC] The Automattic\WooCommerce\Admin\API\Options::update_options function is deprecated since version 6.3.
[28-Jan-2026 09:50:44 UTC] The Automattic\WooCommerce\Admin\API\Options::update_options function is deprecated since version 6.3.
[28-Jan-2026 13:05:50 UTC] PHP Notice:  unserialize(): Error at offset 674 of 866 bytes in E:\super\app\public\wp-content\mu-plugins\local-by-flywheel-live-link-helper.php on line 198
[28-Jan-2026 13:05:50 UTC] PHP Notice:  unserialize(): Error at offset 674 of 866 bytes in E:\super\app\public\wp-content\mu-plugins\local-by-flywheel-live-link-helper.php on line 198
[28-Jan-2026 13:05:57 UTC] PHP Notice:  unserialize(): Error at offset 674 of 866 bytes in E:\super\app\public\wp-content\mu-plugins\local-by-flywheel-live-link-helper.php on line 198
[28-Jan-2026 13:05:57 UTC] PHP Notice:  unserialize(): Error at offset 674 of 866 bytes in E:\super\app\public\wp-content\mu-plugins\local-by-flywheel-live-link-helper.php on line 198
[29-Jan-2026 10:01:05 UTC] PHP Warning:  Undefined variable $default_size in E:\super\app\public\wp-content\plugins\menu-image\menu-image.php on line 1164
[29-Jan-2026 10:01:17 UTC] PHP Warning:  Undefined variable $default_size in E:\super\app\public\wp-content\plugins\menu-image\menu-image.php on line 1164
[29-Jan-2026 10:01:30 UTC] PHP Warning:  Undefined variable $default_size in E:\super\app\public\wp-content\plugins\menu-image\menu-image.php on line 1164
[29-Jan-2026 10:15:01 UTC] PHP Fatal error:  Uncaught TypeError: call_user_func_array(): Argument #1 ($callback) must be a valid callback, class WP_Menu_Image does not have a method "mm_fs_uninstall_cleanup" in E:\super\app\public\wp-includes\class-wp-hook.php:341
Stack trace:
#0 E:\super\app\public\wp-includes\class-wp-hook.php(365): WP_Hook->apply_filters('', Array)
#1 E:\super\app\public\wp-includes\plugin.php(522): WP_Hook->do_action(Array)
#2 E:\super\app\public\wp-content\plugins\menu-image\freemius\includes\class-freemius.php(19503): do_action('fs_after_uninst...')
#3 E:\super\app\public\wp-content\plugins\menu-image\freemius\includes\class-freemius.php(9896): Freemius->do_action('after_uninstall')
#4 E:\super\app\public\wp-includes\class-wp-hook.php(341): Freemius::_uninstall_plugin_hook('')
#5 E:\super\app\public\wp-includes\class-wp-hook.php(365): WP_Hook->apply_filters('', Array)
#6 E:\super\app\public\wp-includes\plugin.php(522): WP_Hook->do_action(Array)
#7 E:\super\app\public\wp-admin\includes\plugin.php(1351): do_action('uninstall_menu-...')
#8 E:\super\app\public\wp-admin\includes\plugin.php(970): uninstall_plugin('menu-image/menu...')
#9 E:\super\app\public\wp-admin\includes\ajax-actions.php(4774): delete_plugins(Array)
#10 E:\super\app\public\wp-includes\class-wp-hook.php(341): wp_ajax_delete_plugin('')
#11 E:\super\app\public\wp-includes\class-wp-hook.php(365): WP_Hook->apply_filters('', Array)
#12 E:\super\app\public\wp-includes\plugin.php(522): WP_Hook->do_action(Array)
#13 E:\super\app\public\wp-admin\admin-ajax.php(192): do_action('wp_ajax_delete-...')
#14 {main}
  thrown in E:\super\app\public\wp-includes\class-wp-hook.php on line 341
[29-Jan-2026 10:43:30 UTC] PHP Warning:  Undefined variable $default_size in E:\super\app\public\wp-content\plugins\menu-image\menu-image.php on line 1163
[29-Jan-2026 10:44:20 UTC] PHP Warning:  Undefined variable $default_size in E:\super\app\public\wp-content\plugins\menu-image\menu-image.php on line 1163
[29-Jan-2026 10:45:43 UTC] PHP Warning:  Undefined variable $default_size in E:\super\app\public\wp-content\plugins\menu-image\menu-image.php on line 1163
[29-Jan-2026 10:49:40 UTC] PHP Warning:  Undefined variable $default_size in E:\super\app\public\wp-content\plugins\menu-image\menu-image.php on line 1163
[29-Jan-2026 12:21:12 UTC] PHP Warning:  Undefined array key "pro-free-trial-popup" in E:\super\app\public\wp-content\plugins\elementor\modules\pro-free-trial-popup\module.php on line 118
[29-Jan-2026 12:21:12 UTC] PHP Warning:  Trying to access array offset on value of type null in E:\super\app\public\wp-content\plugins\elementor\modules\pro-free-trial-popup\module.php on line 118
[29-Jan-2026 12:21:12 UTC] PHP Warning:  Trying to access array offset on value of type null in E:\super\app\public\wp-content\plugins\elementor\modules\pro-free-trial-popup\module.php on line 118
[29-Jan-2026 12:22:29 UTC] PHP Warning:  Undefined array key "pro-free-trial-popup" in E:\super\app\public\wp-content\plugins\elementor\modules\pro-free-trial-popup\module.php on line 118
[29-Jan-2026 12:22:29 UTC] PHP Warning:  Trying to access array offset on value of type null in E:\super\app\public\wp-content\plugins\elementor\modules\pro-free-trial-popup\module.php on line 118
[29-Jan-2026 12:22:29 UTC] PHP Warning:  Trying to access array offset on value of type null in E:\super\app\public\wp-content\plugins\elementor\modules\pro-free-trial-popup\module.php on line 118
[03-Feb-2026 04:29:50 UTC] Cron reschedule event error for hook: action_scheduler_run_queue, Error code: could_not_set, Error message: The cron event list could not be saved., Data: {"schedule":"every_minute","args":["WP Cron"],"interval":60}
[03-Feb-2026 04:30:00 UTC] Cron reschedule event error for hook: wp_privacy_delete_old_export_files, Error code: could_not_set, Error message: The cron event list could not be saved., Data: {"schedule":"hourly","args":[],"interval":3600}
[03-Feb-2026 04:30:00 UTC] Cron unschedule event error for hook: wp_privacy_delete_old_export_files, Error code: could_not_set, Error message: The cron event list could not be saved., Data: {"schedule":"hourly","args":[],"interval":3600}
[03-Feb-2026 04:30:00 UTC] Cron reschedule event error for hook: jetpack_clean_nonces, Error code: could_not_set, Error message: The cron event list could not be saved., Data: {"schedule":"hourly","args":[],"interval":3600}
[03-Feb-2026 04:30:00 UTC] Cron unschedule event error for hook: jetpack_clean_nonces, Error code: could_not_set, Error message: The cron event list could not be saved., Data: {"schedule":"hourly","args":[],"interval":3600}
[03-Feb-2026 04:30:00 UTC] Cron reschedule event error for hook: wc_admin_process_orders_milestone, Error code: could_not_set, Error message: The cron event list could not be saved., Data: {"schedule":"hourly","args":[],"interval":3600}
[03-Feb-2026 04:30:00 UTC] Cron unschedule event error for hook: wc_admin_process_orders_milestone, Error code: could_not_set, Error message: The cron event list could not be saved., Data: {"schedule":"hourly","args":[],"interval":3600}
[03-Feb-2026 04:30:00 UTC] Cron reschedule event error for hook: wc_admin_unsnooze_admin_notes, Error code: could_not_set, Error message: The cron event list could not be saved., Data: {"schedule":"hourly","args":[],"interval":3600}
[03-Feb-2026 04:30:00 UTC] Cron unschedule event error for hook: wc_admin_unsnooze_admin_notes, Error code: could_not_set, Error message: The cron event list could not be saved., Data: {"schedule":"hourly","args":[],"interval":3600}
[03-Feb-2026 04:30:00 UTC] Cron reschedule event error for hook: wp_update_user_counts, Error code: could_not_set, Error message: The cron event list could not be saved., Data: {"schedule":"twicedaily","args":[],"interval":43200}
[03-Feb-2026 04:30:00 UTC] Cron unschedule event error for hook: wp_update_user_counts, Error code: could_not_set, Error message: The cron event list could not be saved., Data: {"schedule":"twicedaily","args":[],"interval":43200}
[03-Feb-2026 04:30:00 UTC] Cron reschedule event error for hook: woocommerce_marketplace_cron_fetch_promotions, Error code: could_not_set, Error message: The cron event list could not be saved., Data: {"schedule":"twicedaily","args":[],"interval":43200}
[03-Feb-2026 04:30:00 UTC] Cron unschedule event error for hook: woocommerce_marketplace_cron_fetch_promotions, Error code: could_not_set, Error message: The cron event list could not be saved., Data: {"schedule":"twicedaily","args":[],"interval":43200}
[03-Feb-2026 04:30:02 UTC] Cron reschedule event error for hook: wp_version_check, Error code: could_not_set, Error message: The cron event list could not be saved., Data: {"schedule":"twicedaily","args":[],"interval":43200}
[03-Feb-2026 04:30:02 UTC] Cron unschedule event error for hook: wp_version_check, Error code: could_not_set, Error message: The cron event list could not be saved., Data: {"schedule":"twicedaily","args":[],"interval":43200}
[03-Feb-2026 11:00:19 UTC] PHP Warning:  Undefined variable $default_size in E:\super\app\public\wp-content\plugins\menu-image\menu-image.php on line 1163
[03-Feb-2026 11:01:10 UTC] PHP Warning:  Undefined variable $default_size in E:\super\app\public\wp-content\plugins\menu-image\menu-image.php on line 1163
[03-Feb-2026 11:14:03 UTC] PHP Fatal error:  Uncaught Error: Call to a member function get_gallery_image_ids() on bool in E:\super\app\public\wp-content\plugins\elementor\modules\ai\module.php:351
Stack trace:
#0 E:\super\app\public\wp-includes\class-wp-hook.php(341): Elementor\Modules\Ai\Module->get_product_images_ajax('')
#1 E:\super\app\public\wp-includes\class-wp-hook.php(365): WP_Hook->apply_filters('', Array)
#2 E:\super\app\public\wp-includes\plugin.php(522): WP_Hook->do_action(Array)
#3 E:\super\app\public\wp-admin\admin-ajax.php(192): do_action('wp_ajax_element...')
#4 {main}
  thrown in E:\super\app\public\wp-content\plugins\elementor\modules\ai\module.php on line 351
[03-Feb-2026 12:23:45 UTC] PHP Warning:  Attempt to read property "post_content" on null in E:\super\app\public\wp-content\plugins\revslider\public\revslider-front-global.class.php on line 400
[03-Feb-2026 12:23:45 UTC] PHP Deprecated:  stripos(): Passing null to parameter #1 ($haystack) of type string is deprecated in E:\super\app\public\wp-content\plugins\revslider\public\revslider-front-global.class.php on line 400
[03-Feb-2026 12:23:45 UTC] PHP Warning:  Attempt to read property "post_content" on null in E:\super\app\public\wp-content\plugins\revslider\public\revslider-front-global.class.php on line 400
[03-Feb-2026 12:23:45 UTC] PHP Deprecated:  stripos(): Passing null to parameter #1 ($haystack) of type string is deprecated in E:\super\app\public\wp-content\plugins\revslider\public\revslider-front-global.class.php on line 400
[03-Feb-2026 12:23:45 UTC] PHP Warning:  Attempt to read property "post_type" on null in E:\super\app\public\wp-includes\link-template.php on line 4188
[03-Feb-2026 12:23:45 UTC] PHP Warning:  Attempt to read property "post_type" on null in E:\super\app\public\wp-includes\link-template.php on line 4190
[03-Feb-2026 12:23:45 UTC] PHP Warning:  Undefined array key "fields" in E:\super\app\public\wp-includes\class-wp-query.php on line 3760
[03-Feb-2026 12:23:45 UTC] PHP Warning:  Undefined array key "fields" in E:\super\app\public\wp-includes\class-wp-query.php on line 3764
[03-Feb-2026 12:23:45 UTC] PHP Warning:  Undefined array key "update_post_term_cache" in E:\super\app\public\wp-includes\class-wp-query.php on line 3781
[03-Feb-2026 12:23:45 UTC] PHP Warning:  Undefined array key "update_post_meta_cache" in E:\super\app\public\wp-includes\class-wp-query.php on line 3781
[03-Feb-2026 12:23:45 UTC] PHP Warning:  Undefined array key "fields" in E:\super\app\public\wp-includes\class-wp-query.php on line 3804
[03-Feb-2026 12:23:45 UTC] PHP Warning:  Undefined array key "fields" in E:\super\app\public\wp-includes\class-wp-query.php on line 3805
[03-Feb-2026 12:24:27 UTC] PHP Warning:  Attempt to read property "post_content" on null in E:\super\app\public\wp-content\plugins\revslider\public\revslider-front-global.class.php on line 400
[03-Feb-2026 12:24:27 UTC] PHP Deprecated:  stripos(): Passing null to parameter #1 ($haystack) of type string is deprecated in E:\super\app\public\wp-content\plugins\revslider\public\revslider-front-global.class.php on line 400
[03-Feb-2026 12:24:27 UTC] PHP Warning:  Attempt to read property "post_content" on null in E:\super\app\public\wp-content\plugins\revslider\public\revslider-front-global.class.php on line 400
[03-Feb-2026 12:24:27 UTC] PHP Deprecated:  stripos(): Passing null to parameter #1 ($haystack) of type string is deprecated in E:\super\app\public\wp-content\plugins\revslider\public\revslider-front-global.class.php on line 400
[03-Feb-2026 12:24:27 UTC] PHP Warning:  Attempt to read property "post_type" on null in E:\super\app\public\wp-includes\link-template.php on line 4188
[03-Feb-2026 12:24:27 UTC] PHP Warning:  Attempt to read property "post_type" on null in E:\super\app\public\wp-includes\link-template.php on line 4190
[03-Feb-2026 12:24:27 UTC] PHP Warning:  Undefined array key "fields" in E:\super\app\public\wp-includes\class-wp-query.php on line 3760
[03-Feb-2026 12:24:27 UTC] PHP Warning:  Undefined array key "fields" in E:\super\app\public\wp-includes\class-wp-query.php on line 3764
[03-Feb-2026 12:24:27 UTC] PHP Warning:  Undefined array key "update_post_term_cache" in E:\super\app\public\wp-includes\class-wp-query.php on line 3781
[03-Feb-2026 12:24:27 UTC] PHP Warning:  Undefined array key "update_post_meta_cache" in E:\super\app\public\wp-includes\class-wp-query.php on line 3781
[03-Feb-2026 12:24:27 UTC] PHP Warning:  Undefined array key "fields" in E:\super\app\public\wp-includes\class-wp-query.php on line 3804
[03-Feb-2026 12:24:27 UTC] PHP Warning:  Undefined array key "fields" in E:\super\app\public\wp-includes\class-wp-query.php on line 3805
[03-Feb-2026 12:44:40 UTC] PHP Warning:  Attempt to read property "post_content" on null in E:\super\app\public\wp-content\plugins\revslider\public\revslider-front-global.class.php on line 400
[03-Feb-2026 12:44:40 UTC] PHP Deprecated:  stripos(): Passing null to parameter #1 ($haystack) of type string is deprecated in E:\super\app\public\wp-content\plugins\revslider\public\revslider-front-global.class.php on line 400
[03-Feb-2026 12:44:40 UTC] PHP Warning:  Attempt to read property "post_content" on null in E:\super\app\public\wp-content\plugins\revslider\public\revslider-front-global.class.php on line 400
[03-Feb-2026 12:44:40 UTC] PHP Deprecated:  stripos(): Passing null to parameter #1 ($haystack) of type string is deprecated in E:\super\app\public\wp-content\plugins\revslider\public\revslider-front-global.class.php on line 400
[03-Feb-2026 12:44:40 UTC] PHP Warning:  Attempt to read property "post_type" on null in E:\super\app\public\wp-includes\link-template.php on line 4188
[03-Feb-2026 12:44:40 UTC] PHP Warning:  Attempt to read property "post_type" on null in E:\super\app\public\wp-includes\link-template.php on line 4190
[03-Feb-2026 12:44:41 UTC] PHP Warning:  Undefined array key "fields" in E:\super\app\public\wp-includes\class-wp-query.php on line 3760
[03-Feb-2026 12:44:41 UTC] PHP Warning:  Undefined array key "fields" in E:\super\app\public\wp-includes\class-wp-query.php on line 3764
[03-Feb-2026 12:44:41 UTC] PHP Warning:  Undefined array key "update_post_term_cache" in E:\super\app\public\wp-includes\class-wp-query.php on line 3781
[03-Feb-2026 12:44:41 UTC] PHP Warning:  Undefined array key "update_post_meta_cache" in E:\super\app\public\wp-includes\class-wp-query.php on line 3781
[03-Feb-2026 12:44:41 UTC] PHP Warning:  Undefined array key "fields" in E:\super\app\public\wp-includes\class-wp-query.php on line 3804
[03-Feb-2026 12:44:41 UTC] PHP Warning:  Undefined array key "fields" in E:\super\app\public\wp-includes\class-wp-query.php on line 3805
[03-Feb-2026 12:46:37 UTC] PHP Warning:  Attempt to read property "post_content" on null in E:\super\app\public\wp-content\plugins\revslider\public\revslider-front-global.class.php on line 400
[03-Feb-2026 12:46:37 UTC] PHP Deprecated:  stripos(): Passing null to parameter #1 ($haystack) of type string is deprecated in E:\super\app\public\wp-content\plugins\revslider\public\revslider-front-global.class.php on line 400
[03-Feb-2026 12:46:37 UTC] PHP Warning:  Attempt to read property "post_content" on null in E:\super\app\public\wp-content\plugins\revslider\public\revslider-front-global.class.php on line 400
[03-Feb-2026 12:46:37 UTC] PHP Deprecated:  stripos(): Passing null to parameter #1 ($haystack) of type string is deprecated in E:\super\app\public\wp-content\plugins\revslider\public\revslider-front-global.class.php on line 400
[03-Feb-2026 12:46:37 UTC] PHP Warning:  Attempt to read property "post_type" on null in E:\super\app\public\wp-includes\link-template.php on line 4188
[03-Feb-2026 12:46:37 UTC] PHP Warning:  Attempt to read property "post_type" on null in E:\super\app\public\wp-includes\link-template.php on line 4190
[03-Feb-2026 12:46:37 UTC] PHP Warning:  Undefined array key "fields" in E:\super\app\public\wp-includes\class-wp-query.php on line 3760
[03-Feb-2026 12:46:37 UTC] PHP Warning:  Undefined array key "fields" in E:\super\app\public\wp-includes\class-wp-query.php on line 3764
[03-Feb-2026 12:46:37 UTC] PHP Warning:  Undefined array key "update_post_term_cache" in E:\super\app\public\wp-includes\class-wp-query.php on line 3781
[03-Feb-2026 12:46:37 UTC] PHP Warning:  Undefined array key "update_post_meta_cache" in E:\super\app\public\wp-includes\class-wp-query.php on line 3781
[03-Feb-2026 12:46:37 UTC] PHP Warning:  Undefined array key "fields" in E:\super\app\public\wp-includes\class-wp-query.php on line 3804
[03-Feb-2026 12:46:37 UTC] PHP Warning:  Undefined array key "fields" in E:\super\app\public\wp-includes\class-wp-query.php on line 3805
